2024-04-07 15:30:36:3036 - [31merror[39m: [31mNão foi possivel conectar![39m
2024-04-07 15:30:36:3036 - [31merror[39m: [31mErro: MongoParseError: Invalid scheme, expected connection string to start with "mongodb://" or "mongodb+srv://"[39m
2024-04-07 17:10:53:1053 - [31merror[39m: [31mErro no sistema: Cast to ObjectId failed for value "6612fbe5b7cc0cf7c3c999a" (type string) at path "_id" for model "Movie" [39m
2024-04-07 17:13:13:1313 - [31merror[39m: [31mErro no sistema: Cast to ObjectId failed for value "6612fbe5b7cc0cf7c3c999a" (type string) at path "_id" for model "Movie" [39m
2024-04-07 17:13:36:1336 - [31merror[39m: [31mErro no sistema: Cast to ObjectId failed for value "6612fbe5b7cc0cf7c3c999a" (type string) at path "_id" for model "Movie" [39m
2024-04-07 17:14:23:1423 - [31merror[39m: [31mErro no sistema: Cast to ObjectId failed for value "6612fbe5b7cc0cf7c3c999a" (type string) at path "_id" for model "Movie"[39m
2024-04-07 17:17:33:1733 - [31merror[39m: [31mErro no sistema: Cast to ObjectId failed for value "6612fbe5b7cc0cf7c3c999ac1" (type string) at path "_id" for model "Movie"[39m
2024-04-07 17:17:52:1752 - [31merror[39m: [31mErro no sistema: Cast to ObjectId failed for value "6612fbe5b7cc0cf7c3c999ac1" (type string) at path "_id" for model "Movie"[39m
2024-04-07 17:21:17:2117 - [31merror[39m: [31mErro no sistema: input must be a 24 character hex string, 12 byte Uint8Array, or an integer[39m
2024-04-07 22:46:15:4615 - [31merror[39m: [31mErro no sistema: Cannot read properties of undefined (reading 'params')[39m
2024-04-07 22:47:46:4746 - [31merror[39m: [31mErro no sistema: movie.delete is not a function[39m
2024-04-07 22:47:57:4757 - [31merror[39m: [31mErro no sistema: Cast to ObjectId failed for value "6612f889b3037066997613942" (type string) at path "_id" for model "Movie"[39m
2024-04-07 22:48:02:482 - [31merror[39m: [31mErro no sistema: movie.delete is not a function[39m
2024-04-07 22:51:05:515 - [31merror[39m: [31mErro no sistema: movie.remove is not a function[39m
2024-04-07 22:53:27:5327 - [31merror[39m: [31mErro no sistema: movie.remove is not a function[39m
2024-04-07 23:09:43:943 - [31merror[39m: [31mErro no sistema: Performing an update on the path '_id' would modify the immutable field '_id'[39m
2024-04-07 23:11:59:1159 - [31merror[39m: [31mErro no sistema: Plan executor error during findAndModify :: caused by :: Performing an update on the path '_id' would modify the immutable field '_id'[39m
2024-05-19 17:46:14:4614 - [31merror[39m: [31mNão foi possivel conectar![39m
2024-05-19 17:50:09:509 - [31merror[39m: [31mNão foi possivel conectar![39m
2024-05-19 17:59:56:5956 - [31merror[39m: [31mNão foi possivel conectar![39m
2024-05-19 18:04:27:427 - [31merror[39m: [31mNão foi possivel conectar![39m
2024-05-19 18:05:54:554 - [31merror[39m: [31mNão foi possivel conectar![39m
2024-05-19 18:09:53:953 - [31merror[39m: [31mNão foi possivel conectar![39m
2024-05-19 18:10:01:101 - [31merror[39m: [31mNão foi possivel conectar![39m
2024-05-19 18:10:11:1011 - [31merror[39m: [31mNão foi possivel conectar![39m
2024-05-19 18:10:18:1018 - [31merror[39m: [31mNão foi possivel conectar![39m
2024-05-19 18:10:28:1028 - [31merror[39m: [31mNão foi possivel conectar![39m
2024-05-19 18:10:42:1042 - [31merror[39m: [31mNão foi possivel conectar![39m
2024-05-19 18:11:12:1112 - [31merror[39m: [31mNão foi possivel conectar![39m
2024-05-19 18:11:20:1120 - [31merror[39m: [31mNão foi possivel conectar![39m
2024-05-19 18:11:25:1125 - [31merror[39m: [31mNão foi possivel conectar![39m
2024-05-19 18:12:08:128 - [31merror[39m: [31mNão foi possivel conectar![39m
2024-05-19 18:15:32:1532 - [31merror[39m: [31mNão foi possivel conectar![39m
2024-05-19 18:16:03:163 - [31merror[39m: [31mNão foi possivel conectar![39m
2024-05-19 18:21:25:2125 - [31merror[39m: [31mNão foi possivel conectar![39m
2024-05-19 18:22:02:222 - [31merror[39m: [31mNão foi possivel conectar![39m
2024-05-19 18:31:13:3113 - [31merror[39m: [31mNão foi possivel conectar![39m
